<ns0:test-suite xmlns:ns0="urn:model.allure.qatools.yandex.ru" start="1530174647581" stop="1530174647649">
  <name>scripts.test_001</name>
  <labels/>
  <test-cases>
    <test-case start="1530174647581" status="passed" stop="1530174647585">
      <name>Test.test_001</name>
      <attachments/>
      <labels>
        <label name="severity" value="normal"/>
        <label name="thread" value="1920-MainThread"/>
        <label name="host" value="DESKTOP-R3A4NHC"/>
        <label name="framework" value="pytest"/>
        <label name="language" value="cpython3"/>
      </labels>
      <steps/>
    </test-case>
    <test-case start="1530174647586" status="passed" stop="1530174647587">
      <name>Test.test_002</name>
      <attachments/>
      <labels>
        <label name="severity" value="normal"/>
        <label name="thread" value="1920-MainThread"/>
        <label name="host" value="DESKTOP-R3A4NHC"/>
        <label name="framework" value="pytest"/>
        <label name="language" value="cpython3"/>
      </labels>
      <steps/>
    </test-case>
    <test-case start="1530174647588" status="failed" stop="1530174647649">
      <name>Test.test_003</name>
      <failure>
        <message>AssertionError: assert 0</message>
        <stack-trace>self = &lt;scripts.test_001.Test object at 0x000001E2A2131D68&gt;

    def test_003(self):
&gt;       assert 0
E       assert 0

scripts\test_001.py:8: AssertionError</stack-trace>
      </failure>
      <attachments/>
      <labels>
        <label name="severity" value="normal"/>
        <label name="thread" value="1920-MainThread"/>
        <label name="host" value="DESKTOP-R3A4NHC"/>
        <label name="framework" value="pytest"/>
        <label name="language" value="cpython3"/>
      </labels>
      <steps/>
    </test-case>
  </test-cases>
</ns0:test-suite>
